{"E:\\COSC4353\\FuelPredictor-master\\coverage\\history.js": {"path":"E:\\COSC4353\\FuelPredictor-master\\coverage\\history.js","statementMap":{"0":{"start":{"line":1,"column":12},"end":{"line":1,"column":14}},"1":{"start":{"line":4,"column":4},"end":{"line":4,"column":15}},"2":{"start":{"line":8,"column":4},"end":{"line":15,"column":5}},"3":{"start":{"line":9,"column":25},"end":{"line":12,"column":10}},"4":{"start":{"line":18,"column":4},"end":{"line":25,"column":5}},"5":{"start":{"line":19,"column":26},"end":{"line":22,"column":10}},"6":{"start":{"line":31,"column":4},"end":{"line":31,"column":15}},"7":{"start":{"line":34,"column":4},"end":{"line":53,"column":5}},"8":{"start":{"line":35,"column":8},"end":{"line":50,"column":9}},"9":{"start":{"line":37,"column":12},"end":{"line":37,"column":118}},"10":{"start":{"line":40,"column":12},"end":{"line":49,"column":13}},"11":{"start":{"line":41,"column":33},"end":{"line":45,"column":18}},"12":{"start":{"line":59,"column":4},"end":{"line":69,"column":5}},"13":{"start":{"line":61,"column":26},"end":{"line":64,"column":10}},"14":{"start":{"line":72,"column":0},"end":{"line":72,"column":53}}},"fnMap":{"0":{"name":"calPrice","decl":{"start":{"line":3,"column":15},"end":{"line":3,"column":23}},"loc":{"start":{"line":3,"column":33},"end":{"line":27,"column":1}},"line":3},"1":{"name":"gallonCal","decl":{"start":{"line":30,"column":15},"end":{"line":30,"column":24}},"loc":{"start":{"line":30,"column":34},"end":{"line":54,"column":1}},"line":30},"2":{"name":"fuelQuoteHist","decl":{"start":{"line":57,"column":15},"end":{"line":57,"column":28}},"loc":{"start":{"line":57,"column":31},"end":{"line":70,"column":1}},"line":57}},"branchMap":{"0":{"loc":{"start":{"line":35,"column":8},"end":{"line":50,"column":9}},"type":"if","locations":[{"start":{"line":35,"column":8},"end":{"line":50,"column":9}},{"start":{"line":39,"column":13},"end":{"line":50,"column":9}}],"line":35}},"s":{"0":1,"1":1,"2":1,"3":1,"4":1,"5":1,"6":1,"7":1,"8":1,"9":1,"10":0,"11":0,"12":1,"13":1,"14":1},"f":{"0":1,"1":1,"2":1},"b":{"0":[1,0]},"_coverageSchema":"1a1c01bbd47fc00a2c39e90264f33305004495a9","hash":"166e21f00e02fb90ad2ef7e5b37073f730e7e11a"}
,"E:\\COSC4353\\FuelPredictor-master\\coverage\\login.js": {"path":"E:\\COSC4353\\FuelPredictor-master\\coverage\\login.js","statementMap":{"0":{"start":{"line":3,"column":4},"end":{"line":3,"column":15}},"1":{"start":{"line":6,"column":8},"end":{"line":14,"column":9}},"2":{"start":{"line":7,"column":29},"end":{"line":10,"column":14}},"3":{"start":{"line":18,"column":0},"end":{"line":18,"column":29}}},"fnMap":{"0":{"name":"confirmInput","decl":{"start":{"line":2,"column":15},"end":{"line":2,"column":27}},"loc":{"start":{"line":2,"column":38},"end":{"line":16,"column":1}},"line":2}},"branchMap":{},"s":{"0":1,"1":1,"2":1,"3":1},"f":{"0":1},"b":{},"_coverageSchema":"1a1c01bbd47fc00a2c39e90264f33305004495a9","hash":"982ac4b161caad0e4d38894667af67bb68a789bf"}
,"E:\\COSC4353\\FuelPredictor-master\\coverage\\printaddress.js": {"path":"E:\\COSC4353\\FuelPredictor-master\\coverage\\printaddress.js","statementMap":{"0":{"start":{"line":5,"column":4},"end":{"line":5,"column":15}},"1":{"start":{"line":7,"column":4},"end":{"line":16,"column":5}},"2":{"start":{"line":8,"column":26},"end":{"line":11,"column":10}},"3":{"start":{"line":19,"column":0},"end":{"line":19,"column":29}}},"fnMap":{"0":{"name":"printAddress","decl":{"start":{"line":4,"column":15},"end":{"line":4,"column":27}},"loc":{"start":{"line":4,"column":38},"end":{"line":17,"column":1}},"line":4}},"branchMap":{},"s":{"0":1,"1":1,"2":1,"3":1},"f":{"0":1},"b":{},"_coverageSchema":"1a1c01bbd47fc00a2c39e90264f33305004495a9","hash":"cbddb9df8f220466506700037e5836f966a0cf8b"}
,"E:\\COSC4353\\FuelPredictor-master\\coverage\\profile.js": {"path":"E:\\COSC4353\\FuelPredictor-master\\coverage\\profile.js","statementMap":{"0":{"start":{"line":3,"column":4},"end":{"line":3,"column":15}},"1":{"start":{"line":4,"column":4},"end":{"line":12,"column":5}},"2":{"start":{"line":5,"column":25},"end":{"line":8,"column":10}},"3":{"start":{"line":16,"column":0},"end":{"line":16,"column":29}}},"fnMap":{"0":{"name":"printProfile","decl":{"start":{"line":2,"column":15},"end":{"line":2,"column":27}},"loc":{"start":{"line":2,"column":37},"end":{"line":14,"column":1}},"line":2}},"branchMap":{},"s":{"0":1,"1":1,"2":1,"3":1},"f":{"0":1},"b":{},"_coverageSchema":"1a1c01bbd47fc00a2c39e90264f33305004495a9","hash":"24eb468b7d3cca79a2058c4748efde9b59dceae9"}
,"E:\\COSC4353\\FuelPredictor-master\\coverage\\validations.js": {"path":"E:\\COSC4353\\FuelPredictor-master\\coverage\\validations.js","statementMap":{"0":{"start":{"line":3,"column":4},"end":{"line":7,"column":5}},"1":{"start":{"line":3,"column":17},"end":{"line":3,"column":18}},"2":{"start":{"line":4,"column":16},"end":{"line":4,"column":34}},"3":{"start":{"line":5,"column":8},"end":{"line":6,"column":24}},"4":{"start":{"line":6,"column":12},"end":{"line":6,"column":24}},"5":{"start":{"line":8,"column":4},"end":{"line":8,"column":17}},"6":{"start":{"line":12,"column":25},"end":{"line":12,"column":66}},"7":{"start":{"line":13,"column":4},"end":{"line":13,"column":34}},"8":{"start":{"line":16,"column":25},"end":{"line":16,"column":76}},"9":{"start":{"line":17,"column":4},"end":{"line":17,"column":34}},"10":{"start":{"line":20,"column":4},"end":{"line":21,"column":37}},"11":{"start":{"line":20,"column":17},"end":{"line":20,"column":18}},"12":{"start":{"line":21,"column":8},"end":{"line":21,"column":37}},"13":{"start":{"line":21,"column":25},"end":{"line":21,"column":37}},"14":{"start":{"line":22,"column":4},"end":{"line":22,"column":17}},"15":{"start":{"line":26,"column":4},"end":{"line":26,"column":15}},"16":{"start":{"line":27,"column":8},"end":{"line":35,"column":9}},"17":{"start":{"line":28,"column":29},"end":{"line":31,"column":14}},"18":{"start":{"line":40,"column":4},"end":{"line":40,"column":15}},"19":{"start":{"line":41,"column":4},"end":{"line":62,"column":5}},"20":{"start":{"line":45,"column":8},"end":{"line":59,"column":9}},"21":{"start":{"line":49,"column":16},"end":{"line":58,"column":17}},"22":{"start":{"line":50,"column":37},"end":{"line":54,"column":22}},"23":{"start":{"line":66,"column":4},"end":{"line":66,"column":15}},"24":{"start":{"line":74,"column":4},"end":{"line":83,"column":5}},"25":{"start":{"line":75,"column":25},"end":{"line":79,"column":10}},"26":{"start":{"line":88,"column":4},"end":{"line":88,"column":15}},"27":{"start":{"line":95,"column":4},"end":{"line":107,"column":5}},"28":{"start":{"line":96,"column":25},"end":{"line":99,"column":10}},"29":{"start":{"line":101,"column":26},"end":{"line":104,"column":10}},"30":{"start":{"line":110,"column":0},"end":{"line":110,"column":154}}},"fnMap":{"0":{"name":"containsChar","decl":{"start":{"line":2,"column":9},"end":{"line":2,"column":21}},"loc":{"start":{"line":2,"column":25},"end":{"line":9,"column":1}},"line":2},"1":{"name":"containsSpecialChars","decl":{"start":{"line":11,"column":9},"end":{"line":11,"column":29}},"loc":{"start":{"line":11,"column":35},"end":{"line":14,"column":1}},"line":11},"2":{"name":"containsSpecialCharsNumbers","decl":{"start":{"line":15,"column":9},"end":{"line":15,"column":36}},"loc":{"start":{"line":15,"column":42},"end":{"line":18,"column":1}},"line":15},"3":{"name":"containsSpace","decl":{"start":{"line":19,"column":9},"end":{"line":19,"column":22}},"loc":{"start":{"line":19,"column":25},"end":{"line":23,"column":1}},"line":19},"4":{"name":"UserNameExist","decl":{"start":{"line":25,"column":15},"end":{"line":25,"column":28}},"loc":{"start":{"line":25,"column":45},"end":{"line":37,"column":1}},"line":25},"5":{"name":"checkValidsUserPwd","decl":{"start":{"line":39,"column":15},"end":{"line":39,"column":33}},"loc":{"start":{"line":39,"column":72},"end":{"line":63,"column":1}},"line":39},"6":{"name":"checkZip","decl":{"start":{"line":65,"column":15},"end":{"line":65,"column":23}},"loc":{"start":{"line":65,"column":33},"end":{"line":85,"column":1}},"line":65},"7":{"name":"pwRetrieve","decl":{"start":{"line":87,"column":15},"end":{"line":87,"column":25}},"loc":{"start":{"line":87,"column":35},"end":{"line":108,"column":1}},"line":87}},"branchMap":{"0":{"loc":{"start":{"line":5,"column":8},"end":{"line":6,"column":24}},"type":"if","locations":[{"start":{"line":5,"column":8},"end":{"line":6,"column":24}},{"start":{},"end":{}}],"line":5},"1":{"loc":{"start":{"line":5,"column":12},"end":{"line":5,"column":57}},"type":"binary-expr","locations":[{"start":{"line":5,"column":13},"end":{"line":5,"column":20}},{"start":{"line":5,"column":24},"end":{"line":5,"column":31}},{"start":{"line":5,"column":37},"end":{"line":5,"column":44}},{"start":{"line":5,"column":48},"end":{"line":5,"column":56}}],"line":5},"2":{"loc":{"start":{"line":21,"column":8},"end":{"line":21,"column":37}},"type":"if","locations":[{"start":{"line":21,"column":8},"end":{"line":21,"column":37}},{"start":{},"end":{}}],"line":21},"3":{"loc":{"start":{"line":45,"column":8},"end":{"line":59,"column":9}},"type":"if","locations":[{"start":{"line":45,"column":8},"end":{"line":59,"column":9}},{"start":{"line":47,"column":12},"end":{"line":59,"column":9}}],"line":45},"4":{"loc":{"start":{"line":45,"column":12},"end":{"line":45,"column":61}},"type":"binary-expr","locations":[{"start":{"line":45,"column":12},"end":{"line":45,"column":26}},{"start":{"line":45,"column":30},"end":{"line":45,"column":44}},{"start":{"line":45,"column":48},"end":{"line":45,"column":61}}],"line":45}},"s":{"0":2,"1":2,"2":10,"3":10,"4":1,"5":1,"6":2,"7":2,"8":2,"9":2,"10":2,"11":2,"12":14,"13":1,"14":1,"15":1,"16":1,"17":1,"18":1,"19":1,"20":1,"21":1,"22":1,"23":1,"24":1,"25":1,"26":1,"27":1,"28":1,"29":0,"30":1},"f":{"0":2,"1":2,"2":2,"3":2,"4":1,"5":1,"6":1,"7":1},"b":{"0":[1,9],"1":[10,2,10,1],"2":[1,13],"3":[0,1],"4":[1,1,1]},"_coverageSchema":"1a1c01bbd47fc00a2c39e90264f33305004495a9","hash":"97a2634b8a41164b0d28f28501d9bcd116b4daa2"}
}
