TN:
SF:coverage\history.js
FN:3,calPrice
FN:30,gallonCal
FN:57,fuelQuoteHist
FNF:3
FNH:3
FNDA:1,calPrice
FNDA:1,gallonCal
FNDA:1,fuelQuoteHist
DA:1,1
DA:4,1
DA:8,1
DA:9,1
DA:18,1
DA:19,1
DA:31,1
DA:34,1
DA:35,1
DA:37,1
DA:40,0
DA:41,0
DA:59,1
DA:61,1
DA:72,1
LF:15
LH:13
BRDA:35,0,0,1
BRDA:35,0,1,0
BRF:2
BRH:1
end_of_record
TN:
SF:coverage\login.js
FN:2,confirmInput
FNF:1
FNH:1
FNDA:1,confirmInput
DA:3,1
DA:6,1
DA:7,1
DA:18,1
LF:4
LH:4
BRF:0
BRH:0
end_of_record
TN:
SF:coverage\printaddress.js
FN:4,printAddress
FNF:1
FNH:1
FNDA:1,printAddress
DA:5,1
DA:7,1
DA:8,1
DA:19,1
LF:4
LH:4
BRF:0
BRH:0
end_of_record
TN:
SF:coverage\profile.js
FN:2,printProfile
FNF:1
FNH:1
FNDA:1,printProfile
DA:3,1
DA:4,1
DA:5,1
DA:16,1
LF:4
LH:4
BRF:0
BRH:0
end_of_record
TN:
SF:coverage\validations.js
FN:2,containsChar
FN:11,containsSpecialChars
FN:15,containsSpecialCharsNumbers
FN:19,containsSpace
FN:25,UserNameExist
FN:39,checkValidsUserPwd
FN:65,checkZip
FN:87,pwRetrieve
FNF:8
FNH:8
FNDA:2,containsChar
FNDA:2,containsSpecialChars
FNDA:2,containsSpecialCharsNumbers
FNDA:2,containsSpace
FNDA:1,UserNameExist
FNDA:1,checkValidsUserPwd
FNDA:1,checkZip
FNDA:1,pwRetrieve
DA:3,2
DA:4,10
DA:5,10
DA:6,1
DA:8,1
DA:12,2
DA:13,2
DA:16,2
DA:17,2
DA:20,2
DA:21,14
DA:22,1
DA:26,1
DA:27,1
DA:28,1
DA:40,1
DA:41,1
DA:45,1
DA:49,1
DA:50,1
DA:66,1
DA:74,1
DA:75,1
DA:88,1
DA:95,1
DA:96,1
DA:101,0
DA:110,1
LF:28
LH:27
BRDA:5,0,0,1
BRDA:5,0,1,9
BRDA:5,1,0,10
BRDA:5,1,1,2
BRDA:5,1,2,10
BRDA:5,1,3,1
BRDA:21,2,0,1
BRDA:21,2,1,13
BRDA:45,3,0,0
BRDA:45,3,1,1
BRDA:45,4,0,1
BRDA:45,4,1,1
BRDA:45,4,2,1
BRF:13
BRH:12
end_of_record
